<?xml version="1.0" encoding="UTF-8"?>
<testsuite xmlns:xsi="http://www.w3.org/2001/XMLSchema-instance" xsi:noNamespaceSchemaLocation="https://maven.apache.org/surefire/maven-surefire-plugin/xsd/surefire-test-report-3.0.xsd" version="3.0" name="com.annimon.stream.internal.SpinedBufferTest" time="0.006" tests="68" errors="0" skipped="0" failures="0">
  <properties>
    <property name="gopherProxySet" value="false"/>
    <property name="awt.toolkit" value="sun.lwawt.macosx.LWCToolkit"/>
    <property name="file.encoding.pkg" value="sun.io"/>
    <property name="java.specification.version" value="1.8"/>
    <property name="sun.cpu.isalist" value=""/>
    <property name="sun.jnu.encoding" value="UTF-8"/>
    <property name="java.class.path" value="/Users/vinodkumarm/Documents/Technologies/Java/java-learning/java8-learning/target/test-classes:/Users/vinodkumarm/Documents/Technologies/Java/java-learning/java8-learning/target/classes:/Users/vinodkumarm/.m2/repository/org/slf4j/slf4j-api/1.7.32/slf4j-api-1.7.32.jar:/Users/vinodkumarm/.m2/repository/ch/qos/logback/logback-classic/1.2.7/logback-classic-1.2.7.jar:/Users/vinodkumarm/.m2/repository/ch/qos/logback/logback-core/1.2.7/logback-core-1.2.7.jar:/Users/vinodkumarm/.m2/repository/org/slf4j/jcl-over-slf4j/1.7.32/jcl-over-slf4j-1.7.32.jar:/Users/vinodkumarm/.m2/repository/org/jetbrains/annotations/23.0.0/annotations-23.0.0.jar:/Users/vinodkumarm/.m2/repository/org/junit/jupiter/junit-jupiter-engine/5.9.2/junit-jupiter-engine-5.9.2.jar:/Users/vinodkumarm/.m2/repository/org/junit/platform/junit-platform-engine/1.9.2/junit-platform-engine-1.9.2.jar:/Users/vinodkumarm/.m2/repository/org/apiguardian/apiguardian-api/1.1.2/apiguardian-api-1.1.2.jar:/Users/vinodkumarm/.m2/repository/org/junit/jupiter/junit-jupiter-params/5.9.2/junit-jupiter-params-5.9.2.jar:/Users/vinodkumarm/.m2/repository/org/junit/jupiter/junit-jupiter-api/5.9.2/junit-jupiter-api-5.9.2.jar:/Users/vinodkumarm/.m2/repository/org/opentest4j/opentest4j/1.2.0/opentest4j-1.2.0.jar:/Users/vinodkumarm/.m2/repository/org/junit/platform/junit-platform-commons/1.9.2/junit-platform-commons-1.9.2.jar:/Users/vinodkumarm/.m2/repository/org/junit/vintage/junit-vintage-engine/5.9.2/junit-vintage-engine-5.9.2.jar:/Users/vinodkumarm/.m2/repository/junit/junit/4.13.2/junit-4.13.2.jar:/Users/vinodkumarm/.m2/repository/org/hamcrest/hamcrest-core/1.3/hamcrest-core-1.3.jar:/Users/vinodkumarm/.m2/repository/org/assertj/assertj-core/3.21.0/assertj-core-3.21.0.jar:/Users/vinodkumarm/.m2/repository/org/hamcrest/hamcrest/2.2/hamcrest-2.2.jar:/Users/vinodkumarm/.m2/repository/org/hamcrest/hamcrest-all/1.3/hamcrest-all-1.3.jar:/Users/vinodkumarm/.m2/repository/org/mockito/mockito-core/4.4.0/mockito-core-4.4.0.jar:/Users/vinodkumarm/.m2/repository/net/bytebuddy/byte-buddy/1.12.8/byte-buddy-1.12.8.jar:/Users/vinodkumarm/.m2/repository/net/bytebuddy/byte-buddy-agent/1.12.8/byte-buddy-agent-1.12.8.jar:/Users/vinodkumarm/.m2/repository/org/objenesis/objenesis/3.2/objenesis-3.2.jar:/Users/vinodkumarm/.m2/repository/org/apache/maven/surefire/surefire-logger-api/2.22.2/surefire-logger-api-2.22.2.jar:/Users/vinodkumarm/.m2/repository/com/github/oshi/oshi-core/6.4.11/oshi-core-6.4.11.jar:/Users/vinodkumarm/.m2/repository/net/java/dev/jna/jna/5.14.0/jna-5.14.0.jar:/Users/vinodkumarm/.m2/repository/net/java/dev/jna/jna-platform/5.14.0/jna-platform-5.14.0.jar:/Users/vinodkumarm/.m2/repository/net/spy/spymemcached/2.12.3/spymemcached-2.12.3.jar:/Users/vinodkumarm/.m2/repository/org/openjdk/jmh/jmh-core/1.37/jmh-core-1.37.jar:/Users/vinodkumarm/.m2/repository/net/sf/jopt-simple/jopt-simple/5.0.4/jopt-simple-5.0.4.jar:/Users/vinodkumarm/.m2/repository/org/apache/commons/commons-math3/3.6.1/commons-math3-3.6.1.jar:/Users/vinodkumarm/.m2/repository/org/openjdk/jmh/jmh-generator-annprocess/1.37/jmh-generator-annprocess-1.37.jar:"/>
    <property name="java.vm.vendor" value="Oracle Corporation"/>
    <property name="sun.arch.data.model" value="64"/>
    <property name="java.vendor.url" value="http://java.oracle.com/"/>
    <property name="user.timezone" value=""/>
    <property name="java.vm.specification.version" value="1.8"/>
    <property name="os.name" value="Mac OS X"/>
    <property name="user.country" value="IN"/>
    <property name="sun.java.launcher" value="SUN_STANDARD"/>
    <property name="sun.boot.library.path" value="/Library/Java/JavaVirtualMachines/jdk-1.8.jdk/Contents/Home/jre/lib"/>
    <property name="sun.java.command" value="/Users/vinodkumarm/Documents/Technologies/Java/java-learning/java8-learning/target/surefire/surefirebooter-20240127134911746_3.jar /Users/vinodkumarm/Documents/Technologies/Java/java-learning/java8-learning/target/surefire 2024-01-27T13-49-11_689-jvmRun1 surefire-20240127134911746_1tmp surefire_0-20240127134911746_2tmp"/>
    <property name="http.nonProxyHosts" value="local|*.local|169.254/16|*.169.254/16"/>
    <property name="surefire.test.class.path" value="/Users/vinodkumarm/Documents/Technologies/Java/java-learning/java8-learning/target/test-classes:/Users/vinodkumarm/Documents/Technologies/Java/java-learning/java8-learning/target/classes:/Users/vinodkumarm/.m2/repository/org/slf4j/slf4j-api/1.7.32/slf4j-api-1.7.32.jar:/Users/vinodkumarm/.m2/repository/ch/qos/logback/logback-classic/1.2.7/logback-classic-1.2.7.jar:/Users/vinodkumarm/.m2/repository/ch/qos/logback/logback-core/1.2.7/logback-core-1.2.7.jar:/Users/vinodkumarm/.m2/repository/org/slf4j/jcl-over-slf4j/1.7.32/jcl-over-slf4j-1.7.32.jar:/Users/vinodkumarm/.m2/repository/org/jetbrains/annotations/23.0.0/annotations-23.0.0.jar:/Users/vinodkumarm/.m2/repository/org/junit/jupiter/junit-jupiter-engine/5.9.2/junit-jupiter-engine-5.9.2.jar:/Users/vinodkumarm/.m2/repository/org/junit/platform/junit-platform-engine/1.9.2/junit-platform-engine-1.9.2.jar:/Users/vinodkumarm/.m2/repository/org/apiguardian/apiguardian-api/1.1.2/apiguardian-api-1.1.2.jar:/Users/vinodkumarm/.m2/repository/org/junit/jupiter/junit-jupiter-params/5.9.2/junit-jupiter-params-5.9.2.jar:/Users/vinodkumarm/.m2/repository/org/junit/jupiter/junit-jupiter-api/5.9.2/junit-jupiter-api-5.9.2.jar:/Users/vinodkumarm/.m2/repository/org/opentest4j/opentest4j/1.2.0/opentest4j-1.2.0.jar:/Users/vinodkumarm/.m2/repository/org/junit/platform/junit-platform-commons/1.9.2/junit-platform-commons-1.9.2.jar:/Users/vinodkumarm/.m2/repository/org/junit/vintage/junit-vintage-engine/5.9.2/junit-vintage-engine-5.9.2.jar:/Users/vinodkumarm/.m2/repository/junit/junit/4.13.2/junit-4.13.2.jar:/Users/vinodkumarm/.m2/repository/org/hamcrest/hamcrest-core/1.3/hamcrest-core-1.3.jar:/Users/vinodkumarm/.m2/repository/org/assertj/assertj-core/3.21.0/assertj-core-3.21.0.jar:/Users/vinodkumarm/.m2/repository/org/hamcrest/hamcrest/2.2/hamcrest-2.2.jar:/Users/vinodkumarm/.m2/repository/org/hamcrest/hamcrest-all/1.3/hamcrest-all-1.3.jar:/Users/vinodkumarm/.m2/repository/org/mockito/mockito-core/4.4.0/mockito-core-4.4.0.jar:/Users/vinodkumarm/.m2/repository/net/bytebuddy/byte-buddy/1.12.8/byte-buddy-1.12.8.jar:/Users/vinodkumarm/.m2/repository/net/bytebuddy/byte-buddy-agent/1.12.8/byte-buddy-agent-1.12.8.jar:/Users/vinodkumarm/.m2/repository/org/objenesis/objenesis/3.2/objenesis-3.2.jar:/Users/vinodkumarm/.m2/repository/org/apache/maven/surefire/surefire-logger-api/2.22.2/surefire-logger-api-2.22.2.jar:/Users/vinodkumarm/.m2/repository/com/github/oshi/oshi-core/6.4.11/oshi-core-6.4.11.jar:/Users/vinodkumarm/.m2/repository/net/java/dev/jna/jna/5.14.0/jna-5.14.0.jar:/Users/vinodkumarm/.m2/repository/net/java/dev/jna/jna-platform/5.14.0/jna-platform-5.14.0.jar:/Users/vinodkumarm/.m2/repository/net/spy/spymemcached/2.12.3/spymemcached-2.12.3.jar:/Users/vinodkumarm/.m2/repository/org/openjdk/jmh/jmh-core/1.37/jmh-core-1.37.jar:/Users/vinodkumarm/.m2/repository/net/sf/jopt-simple/jopt-simple/5.0.4/jopt-simple-5.0.4.jar:/Users/vinodkumarm/.m2/repository/org/apache/commons/commons-math3/3.6.1/commons-math3-3.6.1.jar:/Users/vinodkumarm/.m2/repository/org/openjdk/jmh/jmh-generator-annprocess/1.37/jmh-generator-annprocess-1.37.jar:"/>
    <property name="sun.cpu.endian" value="little"/>
    <property name="user.home" value="/Users/vinodkumarm"/>
    <property name="user.language" value="en"/>
    <property name="java.specification.vendor" value="Oracle Corporation"/>
    <property name="java.home" value="/Library/Java/JavaVirtualMachines/jdk-1.8.jdk/Contents/Home/jre"/>
    <property name="basedir" value="/Users/vinodkumarm/Documents/Technologies/Java/java-learning/java8-learning"/>
    <property name="file.separator" value="/"/>
    <property name="line.separator" value="&#10;"/>
    <property name="java.vm.specification.vendor" value="Oracle Corporation"/>
    <property name="java.specification.name" value="Java Platform API Specification"/>
    <property name="java.awt.graphicsenv" value="sun.awt.CGraphicsEnvironment"/>
    <property name="surefire.real.class.path" value="/Users/vinodkumarm/Documents/Technologies/Java/java-learning/java8-learning/target/surefire/surefirebooter-20240127134911746_3.jar"/>
    <property name="sun.boot.class.path" value="/Library/Java/JavaVirtualMachines/jdk-1.8.jdk/Contents/Home/jre/lib/resources.jar:/Library/Java/JavaVirtualMachines/jdk-1.8.jdk/Contents/Home/jre/lib/rt.jar:/Library/Java/JavaVirtualMachines/jdk-1.8.jdk/Contents/Home/jre/lib/jsse.jar:/Library/Java/JavaVirtualMachines/jdk-1.8.jdk/Contents/Home/jre/lib/jce.jar:/Library/Java/JavaVirtualMachines/jdk-1.8.jdk/Contents/Home/jre/lib/charsets.jar:/Library/Java/JavaVirtualMachines/jdk-1.8.jdk/Contents/Home/jre/lib/jfr.jar:/Library/Java/JavaVirtualMachines/jdk-1.8.jdk/Contents/Home/jre/classes"/>
    <property name="sun.management.compiler" value="HotSpot 64-Bit Tiered Compilers"/>
    <property name="ftp.nonProxyHosts" value="local|*.local|169.254/16|*.169.254/16"/>
    <property name="java.runtime.version" value="1.8.0_381-b09"/>
    <property name="user.name" value="vinodkumarm"/>
    <property name="path.separator" value=":"/>
    <property name="os.version" value="14.0"/>
    <property name="java.endorsed.dirs" value="/Library/Java/JavaVirtualMachines/jdk-1.8.jdk/Contents/Home/jre/lib/endorsed"/>
    <property name="java.runtime.name" value="Java(TM) SE Runtime Environment"/>
    <property name="file.encoding" value="UTF-8"/>
    <property name="java.vm.name" value="Java HotSpot(TM) 64-Bit Server VM"/>
    <property name="localRepository" value="/Users/vinodkumarm/.m2/repository"/>
    <property name="java.vendor.url.bug" value="http://bugreport.sun.com/bugreport/"/>
    <property name="java.io.tmpdir" value="/var/folders/39/07hq2pkx13j9bnvqfhnf7k0r0000gn/T/"/>
    <property name="java.version" value="1.8.0_381"/>
    <property name="user.dir" value="/Users/vinodkumarm/Documents/Technologies/Java/java-learning/java8-learning"/>
    <property name="os.arch" value="aarch64"/>
    <property name="java.vm.specification.name" value="Java Virtual Machine Specification"/>
    <property name="java.awt.printerjob" value="sun.lwawt.macosx.CPrinterJob"/>
    <property name="sun.os.patch.level" value="unknown"/>
    <property name="java.library.path" value="/Users/vinodkumarm/Library/Java/Extensions:/Library/Java/Extensions:/Network/Library/Java/Extensions:/System/Library/Java/Extensions:/usr/lib/java:."/>
    <property name="java.vm.info" value="mixed mode"/>
    <property name="java.vendor" value="Oracle Corporation"/>
    <property name="java.vm.version" value="25.381-b09"/>
    <property name="java.specification.maintenance.version" value="5"/>
    <property name="java.ext.dirs" value="/Users/vinodkumarm/Library/Java/Extensions:/Library/Java/JavaVirtualMachines/jdk-1.8.jdk/Contents/Home/jre/lib/ext:/Library/Java/Extensions:/Network/Library/Java/Extensions:/System/Library/Java/Extensions:/usr/lib/java"/>
    <property name="sun.io.unicode.encoding" value="UnicodeBig"/>
    <property name="java.class.version" value="52.0"/>
    <property name="socksNonProxyHosts" value="local|*.local|169.254/16|*.169.254/16"/>
  </properties>
  <testcase name="testGetOutOfBounds" classname="com.annimon.stream.internal.SpinedBufferTest" time="0.0"/>
  <testcase name="testLongAccept" classname="com.annimon.stream.internal.SpinedBufferTest" time="0.0"/>
  <testcase name="testEmptyConstructor" classname="com.annimon.stream.internal.SpinedBufferTest" time="0.0"/>
  <testcase name="testLongCopyInto" classname="com.annimon.stream.internal.SpinedBufferTest" time="0.0"/>
  <testcase name="testDoubleToArrayTooBig" classname="com.annimon.stream.internal.SpinedBufferTest" time="0.0"/>
  <testcase name="testOfDoubleConstructorInvalidCapacity" classname="com.annimon.stream.internal.SpinedBufferTest" time="0.0"/>
  <testcase name="testToArray" classname="com.annimon.stream.internal.SpinedBufferTest" time="0.001"/>
  <testcase name="testIteratorRemove" classname="com.annimon.stream.internal.SpinedBufferTest" time="0.0"/>
  <testcase name="testLongChunkForUnreachableEndException" classname="com.annimon.stream.internal.SpinedBufferTest" time="0.0"/>
  <testcase name="testIntChunkForUnreachableEndException" classname="com.annimon.stream.internal.SpinedBufferTest" time="0.0"/>
  <testcase name="testDoubleIterator" classname="com.annimon.stream.internal.SpinedBufferTest" time="0.0"/>
  <testcase name="testClear" classname="com.annimon.stream.internal.SpinedBufferTest" time="0.0"/>
  <testcase name="testCount" classname="com.annimon.stream.internal.SpinedBufferTest" time="0.0"/>
  <testcase name="testEmpty" classname="com.annimon.stream.internal.SpinedBufferTest" time="0.0"/>
  <testcase name="testLongEnsureCapacity" classname="com.annimon.stream.internal.SpinedBufferTest" time="0.0"/>
  <testcase name="testChunkForUnreachableEndException" classname="com.annimon.stream.internal.SpinedBufferTest" time="0.0"/>
  <testcase name="testLongCopyIntoNotFit" classname="com.annimon.stream.internal.SpinedBufferTest" time="0.0"/>
  <testcase name="testDoubleEnsureCapacity" classname="com.annimon.stream.internal.SpinedBufferTest" time="0.0"/>
  <testcase name="testLongGetOutOfBounds2" classname="com.annimon.stream.internal.SpinedBufferTest" time="0.0"/>
  <testcase name="testIntGetOutOfBounds" classname="com.annimon.stream.internal.SpinedBufferTest" time="0.0"/>
  <testcase name="testOfLongEmptyConstructor" classname="com.annimon.stream.internal.SpinedBufferTest" time="0.0"/>
  <testcase name="testDoubleCopyIntoNotFit" classname="com.annimon.stream.internal.SpinedBufferTest" time="0.0"/>
  <testcase name="testIntGetOutOfBounds2" classname="com.annimon.stream.internal.SpinedBufferTest" time="0.0"/>
  <testcase name="testIntToArray" classname="com.annimon.stream.internal.SpinedBufferTest" time="0.0"/>
  <testcase name="testIntIteratorRemove" classname="com.annimon.stream.internal.SpinedBufferTest" time="0.0"/>
  <testcase name="testOfDoubleEmptyConstructor" classname="com.annimon.stream.internal.SpinedBufferTest" time="0.0"/>
  <testcase name="testLongToArrayTooBig" classname="com.annimon.stream.internal.SpinedBufferTest" time="0.0"/>
  <testcase name="testLongIterator" classname="com.annimon.stream.internal.SpinedBufferTest" time="0.0"/>
  <testcase name="testIntCopyInto" classname="com.annimon.stream.internal.SpinedBufferTest" time="0.0"/>
  <testcase name="testGetOutOfBounds2" classname="com.annimon.stream.internal.SpinedBufferTest" time="0.0"/>
  <testcase name="testIntAccept" classname="com.annimon.stream.internal.SpinedBufferTest" time="0.001"/>
  <testcase name="testCopyInto" classname="com.annimon.stream.internal.SpinedBufferTest" time="0.0"/>
  <testcase name="testOfIntEmptyConstructor" classname="com.annimon.stream.internal.SpinedBufferTest" time="0.0"/>
  <testcase name="testConstructorCapacity" classname="com.annimon.stream.internal.SpinedBufferTest" time="0.0"/>
  <testcase name="testOfLongConstructorInvalidCapacity" classname="com.annimon.stream.internal.SpinedBufferTest" time="0.0"/>
  <testcase name="testOfDoubleConstructorCapacity" classname="com.annimon.stream.internal.SpinedBufferTest" time="0.0"/>
  <testcase name="testConstructorInvalidCapacity" classname="com.annimon.stream.internal.SpinedBufferTest" time="0.0"/>
  <testcase name="testEnsureCapacity" classname="com.annimon.stream.internal.SpinedBufferTest" time="0.0"/>
  <testcase name="testDoubleChunkForUnreachableEndException" classname="com.annimon.stream.internal.SpinedBufferTest" time="0.0"/>
  <testcase name="testCopyIntoNotFit" classname="com.annimon.stream.internal.SpinedBufferTest" time="0.0"/>
  <testcase name="testDoubleToArray" classname="com.annimon.stream.internal.SpinedBufferTest" time="0.0"/>
  <testcase name="testLongClear" classname="com.annimon.stream.internal.SpinedBufferTest" time="0.0"/>
  <testcase name="testLongCount" classname="com.annimon.stream.internal.SpinedBufferTest" time="0.0"/>
  <testcase name="testLongEmpty" classname="com.annimon.stream.internal.SpinedBufferTest" time="0.0"/>
  <testcase name="testLongGetOutOfBounds" classname="com.annimon.stream.internal.SpinedBufferTest" time="0.0"/>
  <testcase name="testLongToArray" classname="com.annimon.stream.internal.SpinedBufferTest" time="0.0"/>
  <testcase name="testOfLongConstructorCapacity" classname="com.annimon.stream.internal.SpinedBufferTest" time="0.0"/>
  <testcase name="testOfIntConstructorInvalidCapacity" classname="com.annimon.stream.internal.SpinedBufferTest" time="0.001"/>
  <testcase name="testDoubleGetOutOfBounds" classname="com.annimon.stream.internal.SpinedBufferTest" time="0.0"/>
  <testcase name="testOfIntConstructorCapacity" classname="com.annimon.stream.internal.SpinedBufferTest" time="0.0"/>
  <testcase name="testAccept" classname="com.annimon.stream.internal.SpinedBufferTest" time="0.0"/>
  <testcase name="testIntClear" classname="com.annimon.stream.internal.SpinedBufferTest" time="0.0"/>
  <testcase name="testIntCount" classname="com.annimon.stream.internal.SpinedBufferTest" time="0.0"/>
  <testcase name="testIntEmpty" classname="com.annimon.stream.internal.SpinedBufferTest" time="0.0"/>
  <testcase name="testLongIteratorRemove" classname="com.annimon.stream.internal.SpinedBufferTest" time="0.0"/>
  <testcase name="testDoubleCopyInto" classname="com.annimon.stream.internal.SpinedBufferTest" time="0.0"/>
  <testcase name="testIntEnsureCapacity" classname="com.annimon.stream.internal.SpinedBufferTest" time="0.0"/>
  <testcase name="testIntIterator" classname="com.annimon.stream.internal.SpinedBufferTest" time="0.001"/>
  <testcase name="testDoubleAccept" classname="com.annimon.stream.internal.SpinedBufferTest" time="0.0"/>
  <testcase name="testDoubleIteratorRemove" classname="com.annimon.stream.internal.SpinedBufferTest" time="0.0"/>
  <testcase name="testIntCopyIntoNotFit" classname="com.annimon.stream.internal.SpinedBufferTest" time="0.0"/>
  <testcase name="testIntToArrayTooBig" classname="com.annimon.stream.internal.SpinedBufferTest" time="0.0"/>
  <testcase name="testToArrayTooBig" classname="com.annimon.stream.internal.SpinedBufferTest" time="0.0"/>
  <testcase name="testDoubleGetOutOfBounds2" classname="com.annimon.stream.internal.SpinedBufferTest" time="0.0"/>
  <testcase name="testIterator" classname="com.annimon.stream.internal.SpinedBufferTest" time="0.0"/>
  <testcase name="testDoubleClear" classname="com.annimon.stream.internal.SpinedBufferTest" time="0.0"/>
  <testcase name="testDoubleCount" classname="com.annimon.stream.internal.SpinedBufferTest" time="0.0"/>
  <testcase name="testDoubleEmpty" classname="com.annimon.stream.internal.SpinedBufferTest" time="0.0"/>
</testsuite>